<?xml version="1.0" encoding="UTF-8"?>
<testng-results ignored="0" total="2" passed="2" failed="0" skipped="0">
  <reporter-output>
  </reporter-output>
  <suite started-at="2025-05-18T21:57:40 GMT+07:00" name="ParallelTests" finished-at="2025-05-18T21:57:53 GMT+07:00" duration-ms="13595">
    <groups>
    </groups>
    <test started-at="2025-05-18T21:57:40 GMT+07:00" name="ChromeTest" finished-at="2025-05-18T21:57:50 GMT+07:00" duration-ms="9987">
      <class name="tests.GoogleTest">
        <test-method is-config="true" signature="setUp(java.lang.String)[pri:0, instance:tests.GoogleTest@470734c3]" started-at="2025-05-18T21:57:40 GMT+07:00" name="setUp" finished-at="2025-05-18T21:57:45 GMT+07:00" duration-ms="5388" status="PASS">
          <params>
            <param index="0">
              <value>
                <![CDATA[chrome]]>
              </value>
            </param>
          </params>
          <reporter-output>
          </reporter-output>
        </test-method> <!-- setUp -->
        <test-method signature="searchTest()[pri:0, instance:tests.GoogleTest@470734c3]" started-at="2025-05-18T21:57:45 GMT+07:00" name="searchTest" description="Verify Google Title" finished-at="2025-05-18T21:57:49 GMT+07:00" duration-ms="4142" status="PASS">
          <reporter-output>
          </reporter-output>
        </test-method> <!-- searchTest -->
        <test-method is-config="true" signature="tearDown()[pri:0, instance:tests.GoogleTest@470734c3]" started-at="2025-05-18T21:57:49 GMT+07:00" name="tearDown" finished-at="2025-05-18T21:57:50 GMT+07:00" duration-ms="361" status="PASS">
          <reporter-output>
          </reporter-output>
        </test-method> <!-- tearDown -->
      </class> <!-- tests.GoogleTest -->
    </test> <!-- ChromeTest -->
    <test started-at="2025-05-18T21:57:40 GMT+07:00" name="FirefoxTest" finished-at="2025-05-18T21:57:53 GMT+07:00" duration-ms="13595">
      <class name="tests.GoogleTest">
        <test-method is-config="true" signature="setUp(java.lang.String)[pri:0, instance:tests.GoogleTest@5ddeb7cb]" started-at="2025-05-18T21:57:40 GMT+07:00" name="setUp" finished-at="2025-05-18T21:57:48 GMT+07:00" duration-ms="8316" status="PASS">
          <params>
            <param index="0">
              <value>
                <![CDATA[firefox]]>
              </value>
            </param>
          </params>
          <reporter-output>
          </reporter-output>
        </test-method> <!-- setUp -->
        <test-method signature="searchTest()[pri:0, instance:tests.GoogleTest@5ddeb7cb]" started-at="2025-05-18T21:57:48 GMT+07:00" name="searchTest" description="Verify Google Title" finished-at="2025-05-18T21:57:52 GMT+07:00" duration-ms="3628" status="PASS">
          <reporter-output>
          </reporter-output>
        </test-method> <!-- searchTest -->
        <test-method is-config="true" signature="tearDown()[pri:0, instance:tests.GoogleTest@5ddeb7cb]" started-at="2025-05-18T21:57:52 GMT+07:00" name="tearDown" finished-at="2025-05-18T21:57:53 GMT+07:00" duration-ms="1625" status="PASS">
          <reporter-output>
          </reporter-output>
        </test-method> <!-- tearDown -->
      </class> <!-- tests.GoogleTest -->
    </test> <!-- FirefoxTest -->
  </suite> <!-- ParallelTests -->
</testng-results>
