<?xml version="1.0" encoding="UTF-8"?>
<testng-results ignored="0" total="2" passed="2" failed="0" skipped="0">
  <reporter-output>
  </reporter-output>
  <suite started-at="2025-05-18T22:34:11 GMT+07:00" name="Surefire suite" finished-at="2025-05-18T22:34:26 GMT+07:00" duration-ms="14911">
    <groups>
    </groups>
    <test started-at="2025-05-18T22:34:11 GMT+07:00" name="Surefire test" finished-at="2025-05-18T22:34:26 GMT+07:00" duration-ms="14911">
      <class name="tests.GoogleTest">
        <test-method is-config="true" signature="setUp(java.lang.String)[pri:0, instance:tests.GoogleTest@78b729e6]" started-at="2025-05-18T22:34:11 GMT+07:00" name="setUp" finished-at="2025-05-18T22:34:24 GMT+07:00" duration-ms="12211" status="PASS">
          <params>
            <param index="0">
              <value>
                <![CDATA[chrome]]>
              </value>
            </param>
          </params>
          <reporter-output>
          </reporter-output>
        </test-method> <!-- setUp -->
        <test-method signature="searchTest()[pri:0, instance:tests.GoogleTest@78b729e6]" started-at="2025-05-18T22:34:24 GMT+07:00" name="searchTest" finished-at="2025-05-18T22:34:26 GMT+07:00" duration-ms="2555" status="PASS">
          <reporter-output>
          </reporter-output>
        </test-method> <!-- searchTest -->
        <test-method is-config="true" signature="tearDown()[pri:0, instance:tests.GoogleTest@78b729e6]" started-at="2025-05-18T22:34:26 GMT+07:00" name="tearDown" finished-at="2025-05-18T22:34:26 GMT+07:00" duration-ms="129" status="PASS">
          <reporter-output>
          </reporter-output>
        </test-method> <!-- tearDown -->
      </class> <!-- tests.GoogleTest -->
      <class name="tests.GoogleNavigationTest">
        <test-method is-config="true" signature="setUp(java.lang.String)[pri:0, instance:tests.GoogleNavigationTest@33afa13b]" started-at="2025-05-18T22:34:11 GMT+07:00" name="setUp" finished-at="2025-05-18T22:34:16 GMT+07:00" duration-ms="4066" status="PASS">
          <params>
            <param index="0">
              <value>
                <![CDATA[chrome]]>
              </value>
            </param>
          </params>
          <reporter-output>
          </reporter-output>
        </test-method> <!-- setUp -->
        <test-method signature="searchTest()[pri:0, instance:tests.GoogleNavigationTest@33afa13b]" started-at="2025-05-18T22:34:16 GMT+07:00" name="searchTest" finished-at="2025-05-18T22:34:19 GMT+07:00" duration-ms="3738" status="PASS">
          <reporter-output>
          </reporter-output>
        </test-method> <!-- searchTest -->
        <test-method is-config="true" signature="tearDown()[pri:0, instance:tests.GoogleNavigationTest@33afa13b]" started-at="2025-05-18T22:34:19 GMT+07:00" name="tearDown" finished-at="2025-05-18T22:34:20 GMT+07:00" duration-ms="361" status="PASS">
          <reporter-output>
          </reporter-output>
        </test-method> <!-- tearDown -->
      </class> <!-- tests.GoogleNavigationTest -->
    </test> <!-- Surefire test -->
  </suite> <!-- Surefire suite -->
</testng-results>
